<?xml version="1.0" encoding="utf-8"?>
<shfbBuild product="Sandcastle Help File Builder and Tools" version="2023.3.4.0" projectFile="E:\MyProjects\GD\DatePicker\trunk\Program\Doc\DatePickerCore_zh-CN.shfbproj" started="2023/9/20 16:48:55">
<buildStep step="Initializing">
The Sandcastle tools are located in &#39;E:\Program Files (x86)\EWSoftware\Sandcastle Help File Builder&#39;
Locating components in the following folder(s):
    E:\MyProjects\GD\DatePicker\trunk\Program\Doc
    C:\ProgramData\EWSoftware\Sandcastle Help File Builder\Components and Plug-Ins
    E:\Program Files (x86)\EWSoftware\Sandcastle Help File Builder\Components
Using framework reflection data for &#39;.NET Framework 4.7.2&#39; located in &#39;E:\Program Files (x86)\EWSoftware\Sandcastle Help File Builder\Data\.NETFramework&#39;
Using presentation style &#39;Default2022&#39; located in &#39;E:\Program Files (x86)\EWSoftware\Sandcastle Help File Builder\Components\Default2022&#39;
Loading and initializing plug-ins...
Website Table of Contents Generator Version 2023.3.4.0
Copyright &#169; 2006-2023, Eric Woodruff, All Rights Reserved
-------------------------------
Clearing any prior web/markdown output...
</buildStep>
<buildStep step="ValidatingDocumentationSources">
Validating and copying documentation source information
Source: E:\MyProjects\GD\DatePicker\trunk\Program\DatePickerCore\VSTemp\bin\Release\DatePickerCore.dll
    Found assembly &#39;E:\MyProjects\GD\DatePicker\trunk\Program\DatePickerCore\VSTemp\bin\Release\DatePickerCore.dll&#39;
Source: E:\MyProjects\GD\DatePicker\trunk\Program\Doc\Res\Zh\CN\DatePickerCore.xml

References to include:
    TinyMVVM
    UnityEngine.CoreModule

Copying XML comments files
    E:\MyProjects\GD\DatePicker\trunk\Program\Doc\Res\Zh\CN\DatePickerCore.xml -&gt; E:\MyProjects\GD\DatePicker\trunk\Program\Doc\Help\Working\DatePickerCore.xml
</buildStep>
<buildStep step="GenerateSharedContent">
Generating shared content files (zh-CN, 中文(简体，中国))...
    Last step completed in 00:00:00.0208
</buildStep>
<buildStep step="GenerateApiFilter">
Generating API filter for MRefBuilder...
    Last step completed in 00:00:00.0070
</buildStep>
<buildStep step="GenerateReflectionInfo">
Generating reflection information...
[e:\Program Files\Microsoft Visual Studio\2022\Community\MSBuild\Current\Bin\amd64\MSBuild.exe - GenerateRefInfo-676bb6ff-e45b-40c7-9d1f-554f70d3ad02.proj]
生成启动时间为 2023/9/20 16:48:56。
节点 1 上的项目“E:\MyProjects\GD\DatePicker\trunk\Program\Doc\Help\Working\GenerateRefInfo-676bb6ff-e45b-40c7-9d1f-554f70d3ad02.proj”(默认目标)。
PrepareForBuild:
  正在创建目录“obj\Debug\”。
GenerateBindingRedirects:
  ResolveAssemblyReferences 中没有建议的绑定重定向。
GenerateRefInfo:
  Microsoft.Build (v17.4.0+18d5aef85920037c9d6ff49b1215a4daf515197f)
  ? Microsoft Corporation. All rights reserved.
  No source code context base path specified.  Source context information is unavailable.
  Loaded 1 assemblies for reflection and 3 dependency assemblies.
  Wrote information on 2 namespaces, 8 types, and 175 members
  Merging duplicate type and member information
  Merged 0 duplicate type(s) and 0 duplicate member(s)
已完成生成项目“E:\MyProjects\GD\DatePicker\trunk\Program\Doc\Help\Working\GenerateRefInfo-676bb6ff-e45b-40c7-9d1f-554f70d3ad02.proj”(默认目标)的操作。
    Last step completed in 00:00:00.9424
</buildStep>
<buildStep step="ApplyDocumentModel">
Applying document model to reflection output...
    Last step completed in 00:00:00.0456
</buildStep>
<buildStep step="AddNamespaceGroups">
Adding namespace group entries...
Added 0 namespace group entries
    Last step completed in 00:00:00.0157
</buildStep>
<buildStep step="AddApiTopicFilenames">
Adding topic filenames to API members...
    Last step completed in 00:00:00.0071
</buildStep>
<buildStep step="GenerateApiTopicManifest">
Generating API topic manifest...
    Last step completed in 00:00:00.0057
</buildStep>
<buildStep step="GenerateNamespaceSummaries">
Generating namespace summary information...
    Last step completed in 00:00:00.0667
</buildStep>
<buildStep step="CopyAdditionalContent">
Copying additional content files...
No additional content to copy
    Last step completed in 00:00:00.0020
</buildStep>
<buildStep step="MergeTablesOfContents">
Merging conceptual and additional tables of contents...
    Last step completed in 00:00:00.0000
</buildStep>
<buildStep step="GenerateIntermediateTableOfContents">
Generating intermediate table of contents file for API content...
Generating conceptual content intermediate TOC file...
    Last step completed in 00:00:00.0215
</buildStep>
<buildStep step="CreateBuildAssemblerConfigs">
Creating Sandcastle configuration files...
    Last step completed in 00:00:00.2583
</buildStep>
<buildStep step="CombiningIntermediateTocFiles">
Combining conceptual and API intermediate TOC files...
    Last step completed in 00:00:00.0082
</buildStep>
<buildStep step="MergeCustomConfigs">
Merging custom build component configurations
E:\MyProjects\GD\DatePicker\trunk\Program\Doc\Help\Working\BuildAssembler.config
  Updating reference topic configurations.
  No conceptual content.  Removing conceptual content components.
    Last step completed in 00:00:00.0150
</buildStep>
<buildStep step="BuildTopics">
Building help topics...
<plugIn name="Website Table of Contents Generator" behavior="Before" priority="1000">
Loading TOC info and adding unique IDs to parent nodes
</plugIn>Loading configuration...
ResolveReferenceLinksComponent: The member ID URL cache &#39;C:\Users\AD\AppData\Local\EWSoftware\Sandcastle Help File Builder\Cache\MemberIdUrl.cache&#39; does not exist yet.  All IDs will be looked up in this build which will slow it down.
Processing topics...
SHFB: Warning BE0066: ResolveReferenceLinksComponent: [T:AA.DatePicker.DayItem.DayItemModel] Member ID URL resolver service failed.  No further look ups will be performed for this build.
Reason: 无法连接到远程服务器
以一种访问权限不允许的方式做了一个访问套接字的尝试。 13.107.246.73:443
SHFB: Warning BE0066: ResolveReferenceLinksComponent: [T:AA.DatePicker.DayItem.DayItemModel] Unknown reference link target &#39;T:AA.TinyMVVM.Model.Model&#39;.
SHFB: Warning BE0066: ResolveReferenceLinksComponent: [T:AA.DatePicker.DayItem.DayItemModel] Unknown reference link target &#39;T:AA.TinyMVVM.ObjectPool.IPoolObject&#39;.
SHFB: Warning BE0066: ResolveReferenceLinksComponent: [T:AA.DatePicker.DayItem.DayItemModel] Unknown reference link target &#39;M:AA.TinyMVVM.Model.Model.OnBreakUpAllComplete&#39;.
SHFB: Warning BE0066: ResolveReferenceLinksComponent: [T:AA.DatePicker.DayItem.DayItemModel] Unknown reference link target &#39;T:AA.TinyMVVM.Model.Model&#39;.
SHFB: Warning BE0066: ResolveReferenceLinksComponent: [T:AA.DatePicker.DayItem.DayItemModel] Unknown reference link target &#39;M:AA.TinyMVVM.Model.Model.OnBreakUpAllStart&#39;.
SHFB: Warning BE0066: ResolveReferenceLinksComponent: [T:AA.DatePicker.DayItem.DayItemModel] Unknown reference link target &#39;T:AA.TinyMVVM.Model.Model&#39;.
SHFB: Warning BE0066: ResolveReferenceLinksComponent: [T:AA.DatePicker.DayItem.DayItemModel] Unknown reference link target &#39;M:AA.TinyMVVM.Model.Model.OnCombineComplete&#39;.
SHFB: Warning BE0066: ResolveReferenceLinksComponent: [T:AA.DatePicker.DayItem.DayItemModel] Unknown reference link target &#39;T:AA.TinyMVVM.Model.Model&#39;.
SHFB: Warning BE0066: ResolveReferenceLinksComponent: [Methods.T:AA.DatePicker.DayItem.DayItemModel] Unknown reference link target &#39;M:AA.TinyMVVM.Model.Model.OnBreakUpAllComplete&#39;.
SHFB: Warning BE0066: ResolveReferenceLinksComponent: [Methods.T:AA.DatePicker.DayItem.DayItemModel] Unknown reference link target &#39;T:AA.TinyMVVM.Model.Model&#39;.
SHFB: Warning BE0066: ResolveReferenceLinksComponent: [Methods.T:AA.DatePicker.DayItem.DayItemModel] Unknown reference link target &#39;M:AA.TinyMVVM.Model.Model.OnBreakUpAllStart&#39;.
SHFB: Warning BE0066: ResolveReferenceLinksComponent: [Methods.T:AA.DatePicker.DayItem.DayItemModel] Unknown reference link target &#39;T:AA.TinyMVVM.Model.Model&#39;.
SHFB: Warning BE0066: ResolveReferenceLinksComponent: [Methods.T:AA.DatePicker.DayItem.DayItemModel] Unknown reference link target &#39;M:AA.TinyMVVM.Model.Model.OnCombineComplete&#39;.
SHFB: Warning BE0066: ResolveReferenceLinksComponent: [Methods.T:AA.DatePicker.DayItem.DayItemModel] Unknown reference link target &#39;T:AA.TinyMVVM.Model.Model&#39;.
SHFB: Warning BE0066: ShowMissingComponent: [M:AA.DatePicker.DayItem.DayItemModel.#ctor] Missing &lt;summary&gt; documentation
SHFB: Warning BE0066: ResolveReferenceLinksComponent: [P:AA.DatePicker.DayItem.DayItemModel.ChineseCalendarDay] Unknown reference link target &#39;T:AA.TinyMVVM.Base.BindableProperty`1&#39;.
SHFB: Warning BE0066: ResolveReferenceLinksComponent: [P:AA.DatePicker.DayItem.DayItemModel.Day] Unknown reference link target &#39;T:AA.TinyMVVM.Base.BindableProperty`1&#39;.
SHFB: Warning BE0066: ResolveReferenceLinksComponent: [P:AA.DatePicker.DayItem.DayItemModel.IsCanClick] Unknown reference link target &#39;T:AA.TinyMVVM.Base.BindableProperty`1&#39;.
SHFB: Warning BE0066: ResolveReferenceLinksComponent: [P:AA.DatePicker.DayItem.DayItemModel.IsDayHighLight] Unknown reference link target &#39;T:AA.TinyMVVM.Base.BindableProperty`1&#39;.
SHFB: Warning BE0066: ResolveReferenceLinksComponent: [P:AA.DatePicker.DayItem.DayItemModel.IsInRangeSel] Unknown reference link target &#39;T:AA.TinyMVVM.Base.BindableProperty`1&#39;.
SHFB: Warning BE0066: ResolveReferenceLinksComponent: [P:AA.DatePicker.DayItem.DayItemModel.IsSelected] Unknown reference link target &#39;T:AA.TinyMVVM.Base.BindableProperty`1&#39;.
SHFB: Warning BE0066: ResolveReferenceLinksComponent: [P:AA.DatePicker.DayItem.DayItemModel.IsValid] Unknown reference link target &#39;T:AA.TinyMVVM.Base.BindableProperty`1&#39;.
SHFB: Warning BE0066: ResolveReferenceLinksComponent: [M:AA.DatePicker.DayItem.DayItemModel.OnRecycle] Unknown reference link target &#39;M:AA.TinyMVVM.ObjectPool.IPoolObject.OnRecycle&#39;.
SHFB: Warning BE0066: ResolveReferenceLinksComponent: [M:AA.DatePicker.DayItem.DayItemModel.OnRelease] Unknown reference link target &#39;M:AA.TinyMVVM.ObjectPool.IPoolObject.OnRelease&#39;.
SHFB: Warning BE0066: ResolveReferenceLinksComponent: [M:AA.DatePicker.DayItem.DayItemModel.OnSpawn(System.Object[])] Unknown reference link target &#39;M:AA.TinyMVVM.ObjectPool.IPoolObject.OnSpawn(System.Object[])&#39;.
SHFB: Warning BE0066: ResolveReferenceLinksComponent: [T:AA.DatePicker.DayItem.DayItemView] Unknown reference link target &#39;T:UnityEngine.Object&#39;.
SHFB: Warning BE0066: ResolveReferenceLinksComponent: [T:AA.DatePicker.DayItem.DayItemView] Unknown reference link target &#39;T:UnityEngine.Component&#39;.
SHFB: Warning BE0066: ResolveReferenceLinksComponent: [T:AA.DatePicker.DayItem.DayItemView] Unknown reference link target &#39;T:UnityEngine.Behaviour&#39;.
SHFB: Warning BE0066: ResolveReferenceLinksComponent: [T:AA.DatePicker.DayItem.DayItemView] Unknown reference link target &#39;T:UnityEngine.MonoBehaviour&#39;.
SHFB: Warning BE0066: ResolveReferenceLinksComponent: [T:AA.DatePicker.DayItem.DayItemView] Unknown reference link target &#39;T:AA.TinyMVVM.View.MonoView`2&#39;.
SHFB: Warning BE0066: ResolveReferenceLinksComponent: [T:AA.DatePicker.DayItem.DayItemView] Unknown reference link target &#39;T:AA.TinyMVVM.ObjectPool.IPoolObject&#39;.
SHFB: Warning BE0066: ResolveReferenceLinksComponent: [T:AA.DatePicker.DayItem.DayItemView] Unknown reference link target &#39;T:UnityEngine.EventSystems.IEventSystemHandler&#39;.
SHFB: Warning BE0066: ResolveReferenceLinksComponent: [T:AA.DatePicker.DayItem.DayItemView] Unknown reference link target &#39;T:UnityEngine.EventSystems.IPointerEnterHandler&#39;.
SHFB: Warning BE0066: ResolveReferenceLinksComponent: [T:AA.DatePicker.DayItem.DayItemView] Unknown reference link target &#39;T:UnityEngine.EventSystems.IPointerExitHandler&#39;.
SHFB: Warning BE0066: ResolveReferenceLinksComponent: [T:AA.DatePicker.DayItem.DayItemView] Unknown reference link target &#39;P:AA.TinyMVVM.View.MonoView`2.BindingData&#39;.
SHFB: Warning BE0066: ResolveReferenceLinksComponent: [T:AA.DatePicker.DayItem.DayItemView] Unknown reference link target &#39;T:AA.TinyMVVM.View.MonoView`2&#39;.
SHFB: Warning BE0066: ResolveReferenceLinksComponent: [T:AA.DatePicker.DayItem.DayItemView] Unknown reference link target &#39;P:AA.TinyMVVM.View.MonoView`2.BindingVM&#39;.
SHFB: Warning BE0066: ResolveReferenceLinksComponent: [T:AA.DatePicker.DayItem.DayItemView] Unknown reference link target &#39;T:AA.TinyMVVM.View.MonoView`2&#39;.
SHFB: Warning BE0066: ResolveReferenceLinksComponent: [T:AA.DatePicker.DayItem.DayItemView] Unknown reference link target &#39;M:AA.TinyMVVM.View.MonoView`2.OnBindModelComplete&#39;.
SHFB: Warning BE0066: ResolveReferenceLinksComponent: [T:AA.DatePicker.DayItem.DayItemView] Unknown reference link target &#39;T:AA.TinyMVVM.View.MonoView`2&#39;.
SHFB: Warning BE0066: ResolveReferenceLinksComponent: [T:AA.DatePicker.DayItem.DayItemView] Unknown reference link target &#39;M:AA.TinyMVVM.View.MonoView`2.OnBindViewModelComplete&#39;.
SHFB: Warning BE0066: ResolveReferenceLinksComponent: [T:AA.DatePicker.DayItem.DayItemView] Unknown reference link target &#39;T:AA.TinyMVVM.View.MonoView`2&#39;.
SHFB: Warning BE0066: ResolveReferenceLinksComponent: [T:AA.DatePicker.DayItem.DayItemView] Unknown reference link target &#39;M:AA.TinyMVVM.View.MonoView`2.OnBreakUpAllComplete&#39;.
SHFB: Warning BE0066: ResolveReferenceLinksComponent: [T:AA.DatePicker.DayItem.DayItemView] Unknown reference link target &#39;T:AA.TinyMVVM.View.MonoView`2&#39;.
SHFB: Warning BE0066: ResolveReferenceLinksComponent: [T:AA.DatePicker.DayItem.DayItemView] Unknown reference link target &#39;M:AA.TinyMVVM.View.MonoView`2.OnBreakUpAllStart&#39;.
SHFB: Warning BE0066: ResolveReferenceLinksComponent: [T:AA.DatePicker.DayItem.DayItemView] Unknown reference link target &#39;T:AA.TinyMVVM.View.MonoView`2&#39;.
SHFB: Warning BE0066: ResolveReferenceLinksComponent: [T:AA.DatePicker.DayItem.DayItemView] Unknown reference link target &#39;M:AA.TinyMVVM.View.MonoView`2.OnCombineComplete&#39;.
SHFB: Warning BE0066: ResolveReferenceLinksComponent: [T:AA.DatePicker.DayItem.DayItemView] Unknown reference link target &#39;T:AA.TinyMVVM.View.MonoView`2&#39;.
SHFB: Warning BE0066: ResolveReferenceLinksComponent: [T:AA.DatePicker.DayItem.DayItemView] Unknown reference link target &#39;M:AA.TinyMVVM.View.MonoView`2.OnNewModelBind(`10)&#39;.
SHFB: Warning BE0066: ResolveReferenceLinksComponent: [T:AA.DatePicker.DayItem.DayItemView] Unknown reference link target &#39;M:AA.TinyMVVM.View.MonoView`2.OnNewViewModelBind(`9)&#39;.
SHFB: Warning BE0066: ResolveReferenceLinksComponent: [T:AA.DatePicker.DayItem.DayItemView] Unknown reference link target &#39;M:AA.TinyMVVM.View.MonoView`2.OnOldModelUnbind(`10)&#39;.
SHFB: Warning BE0066: ResolveReferenceLinksComponent: [T:AA.DatePicker.DayItem.DayItemView] Unknown reference link target &#39;M:AA.TinyMVVM.View.MonoView`2.OnOldViewModelUnbind(`9)&#39;.
SHFB: Warning BE0066: ResolveReferenceLinksComponent: [Methods.T:AA.DatePicker.DayItem.DayItemView] Unknown reference link target &#39;M:AA.TinyMVVM.View.MonoView`2.OnBindModelComplete&#39;.
SHFB: Warning BE0066: ResolveReferenceLinksComponent: [Methods.T:AA.DatePicker.DayItem.DayItemView] Unknown reference link target &#39;T:AA.TinyMVVM.View.MonoView`2&#39;.
SHFB: Warning BE0066: ResolveReferenceLinksComponent: [Methods.T:AA.DatePicker.DayItem.DayItemView] Unknown reference link target &#39;M:AA.TinyMVVM.View.MonoView`2.OnBindViewModelComplete&#39;.
SHFB: Warning BE0066: ResolveReferenceLinksComponent: [Methods.T:AA.DatePicker.DayItem.DayItemView] Unknown reference link target &#39;T:AA.TinyMVVM.View.MonoView`2&#39;.
SHFB: Warning BE0066: ResolveReferenceLinksComponent: [Methods.T:AA.DatePicker.DayItem.DayItemView] Unknown reference link target &#39;M:AA.TinyMVVM.View.MonoView`2.OnBreakUpAllComplete&#39;.
SHFB: Warning BE0066: ResolveReferenceLinksComponent: [Methods.T:AA.DatePicker.DayItem.DayItemView] Unknown reference link target &#39;T:AA.TinyMVVM.View.MonoView`2&#39;.
SHFB: Warning BE0066: ResolveReferenceLinksComponent: [Methods.T:AA.DatePicker.DayItem.DayItemView] Unknown reference link target &#39;M:AA.TinyMVVM.View.MonoView`2.OnBreakUpAllStart&#39;.
SHFB: Warning BE0066: ResolveReferenceLinksComponent: [Methods.T:AA.DatePicker.DayItem.DayItemView] Unknown reference link target &#39;T:AA.TinyMVVM.View.MonoView`2&#39;.
SHFB: Warning BE0066: ResolveReferenceLinksComponent: [Methods.T:AA.DatePicker.DayItem.DayItemView] Unknown reference link target &#39;M:AA.TinyMVVM.View.MonoView`2.OnCombineComplete&#39;.
SHFB: Warning BE0066: ResolveReferenceLinksComponent: [Methods.T:AA.DatePicker.DayItem.DayItemView] Unknown reference link target &#39;T:AA.TinyMVVM.View.MonoView`2&#39;.
SHFB: Warning BE0066: ResolveReferenceLinksComponent: [Methods.T:AA.DatePicker.DayItem.DayItemView] Unknown reference link target &#39;M:AA.TinyMVVM.View.MonoView`2.OnNewModelBind(`10)&#39;.
SHFB: Warning BE0066: ResolveReferenceLinksComponent: [Methods.T:AA.DatePicker.DayItem.DayItemView] Unknown reference link target &#39;M:AA.TinyMVVM.View.MonoView`2.OnNewViewModelBind(`9)&#39;.
SHFB: Warning BE0066: ResolveReferenceLinksComponent: [Methods.T:AA.DatePicker.DayItem.DayItemView] Unknown reference link target &#39;M:AA.TinyMVVM.View.MonoView`2.OnOldModelUnbind(`10)&#39;.
SHFB: Warning BE0066: ResolveReferenceLinksComponent: [Methods.T:AA.DatePicker.DayItem.DayItemView] Unknown reference link target &#39;M:AA.TinyMVVM.View.MonoView`2.OnOldViewModelUnbind(`9)&#39;.
SHFB: Warning BE0066: ResolveReferenceLinksComponent: [Properties.T:AA.DatePicker.DayItem.DayItemView] Unknown reference link target &#39;P:AA.TinyMVVM.View.MonoView`2.BindingData&#39;.
SHFB: Warning BE0066: ResolveReferenceLinksComponent: [Properties.T:AA.DatePicker.DayItem.DayItemView] Unknown reference link target &#39;T:AA.TinyMVVM.View.MonoView`2&#39;.
SHFB: Warning BE0066: ResolveReferenceLinksComponent: [Properties.T:AA.DatePicker.DayItem.DayItemView] Unknown reference link target &#39;P:AA.TinyMVVM.View.MonoView`2.BindingVM&#39;.
SHFB: Warning BE0066: ResolveReferenceLinksComponent: [Properties.T:AA.DatePicker.DayItem.DayItemView] Unknown reference link target &#39;T:AA.TinyMVVM.View.MonoView`2&#39;.
SHFB: Warning BE0066: ShowMissingComponent: [M:AA.DatePicker.DayItem.DayItemView.#ctor] Missing &lt;summary&gt; documentation
SHFB: Warning BE0066: ResolveReferenceLinksComponent: [F:AA.DatePicker.DayItem.DayItemView.m_Clicker] Unknown reference link target &#39;T:UnityEngine.UI.Button&#39;.
SHFB: Warning BE0066: ResolveReferenceLinksComponent: [F:AA.DatePicker.DayItem.DayItemView.m_DayChCalShower] Unknown reference link target &#39;T:UnityEngine.UI.Text&#39;.
SHFB: Warning BE0066: ResolveReferenceLinksComponent: [F:AA.DatePicker.DayItem.DayItemView.m_DayShower] Unknown reference link target &#39;T:UnityEngine.UI.Text&#39;.
SHFB: Warning BE0066: ResolveReferenceLinksComponent: [F:AA.DatePicker.DayItem.DayItemView.m_DisableColor] Unknown reference link target &#39;T:UnityEngine.Color&#39;.
SHFB: Warning BE0066: ResolveReferenceLinksComponent: [F:AA.DatePicker.DayItem.DayItemView.m_NormalColor] Unknown reference link target &#39;T:UnityEngine.Color&#39;.
SHFB: Warning BE0066: ResolveReferenceLinksComponent: [F:AA.DatePicker.DayItem.DayItemView.m_RangeSelEffect] Unknown reference link target &#39;T:UnityEngine.RectTransform&#39;.
SHFB: Warning BE0066: ResolveReferenceLinksComponent: [F:AA.DatePicker.DayItem.DayItemView.m_SelectEffect] Unknown reference link target &#39;T:UnityEngine.GameObject&#39;.
SHFB: Warning BE0066: ResolveReferenceLinksComponent: [M:AA.DatePicker.DayItem.DayItemView.OnInitItemSelectHandler(UnityEngine.Events.UnityAction)] Unknown reference link target &#39;T:UnityEngine.Events.UnityAction&#39;.
SHFB: Warning BE0066: ResolveReferenceLinksComponent: [M:AA.DatePicker.DayItem.DayItemView.OnPointerEnter(UnityEngine.EventSystems.PointerEventData)] Unknown reference link target &#39;T:UnityEngine.EventSystems.PointerEventData&#39;.
SHFB: Warning BE0066: ResolveReferenceLinksComponent: [M:AA.DatePicker.DayItem.DayItemView.OnPointerEnter(UnityEngine.EventSystems.PointerEventData)] Unknown reference link target &#39;M:UnityEngine.EventSystems.IPointerEnterHandler.OnPointerEnter(UnityEngine.EventSystems.PointerEventData)&#39;.
SHFB: Warning BE0066: ResolveReferenceLinksComponent: [M:AA.DatePicker.DayItem.DayItemView.OnPointerExit(UnityEngine.EventSystems.PointerEventData)] Unknown reference link target &#39;T:UnityEngine.EventSystems.PointerEventData&#39;.
SHFB: Warning BE0066: ResolveReferenceLinksComponent: [M:AA.DatePicker.DayItem.DayItemView.OnPointerExit(UnityEngine.EventSystems.PointerEventData)] Unknown reference link target &#39;M:UnityEngine.EventSystems.IPointerExitHandler.OnPointerExit(UnityEngine.EventSystems.PointerEventData)&#39;.
SHFB: Warning BE0066: ResolveReferenceLinksComponent: [M:AA.DatePicker.DayItem.DayItemView.OnRecycle] Unknown reference link target &#39;M:AA.TinyMVVM.ObjectPool.IPoolObject.OnRecycle&#39;.
SHFB: Warning BE0066: ResolveReferenceLinksComponent: [M:AA.DatePicker.DayItem.DayItemView.OnRelease] Unknown reference link target &#39;M:AA.TinyMVVM.ObjectPool.IPoolObject.OnRelease&#39;.
SHFB: Warning BE0066: ResolveReferenceLinksComponent: [M:AA.DatePicker.DayItem.DayItemView.OnSpawn(System.Object[])] Unknown reference link target &#39;M:AA.TinyMVVM.ObjectPool.IPoolObject.OnSpawn(System.Object[])&#39;.
SHFB: Warning BE0066: ResolveReferenceLinksComponent: [T:AA.DatePicker.DayItem.DayItemViewModel] Unknown reference link target &#39;T:AA.TinyMVVM.ViewMode.ViewModel`1&#39;.
SHFB: Warning BE0066: ResolveReferenceLinksComponent: [T:AA.DatePicker.DayItem.DayItemViewModel] Unknown reference link target &#39;T:AA.TinyMVVM.ObjectPool.IPoolObject&#39;.
SHFB: Warning BE0066: ResolveReferenceLinksComponent: [T:AA.DatePicker.DayItem.DayItemViewModel] Unknown reference link target &#39;P:AA.TinyMVVM.ViewMode.ViewModel`1.ModelIns&#39;.
SHFB: Warning BE0066: ResolveReferenceLinksComponent: [T:AA.DatePicker.DayItem.DayItemViewModel] Unknown reference link target &#39;T:AA.TinyMVVM.ViewMode.ViewModel`1&#39;.
SHFB: Warning BE0066: ResolveReferenceLinksComponent: [T:AA.DatePicker.DayItem.DayItemViewModel] Unknown reference link target &#39;M:AA.TinyMVVM.ViewMode.ViewModel`1.OnBindModelComplete&#39;.
SHFB: Warning BE0066: ResolveReferenceLinksComponent: [T:AA.DatePicker.DayItem.DayItemViewModel] Unknown reference link target &#39;T:AA.TinyMVVM.ViewMode.ViewModel`1&#39;.
SHFB: Warning BE0066: ResolveReferenceLinksComponent: [T:AA.DatePicker.DayItem.DayItemViewModel] Unknown reference link target &#39;M:AA.TinyMVVM.ViewMode.ViewModel`1.OnBreakUpAllComplete&#39;.
SHFB: Warning BE0066: ResolveReferenceLinksComponent: [T:AA.DatePicker.DayItem.DayItemViewModel] Unknown reference link target &#39;T:AA.TinyMVVM.ViewMode.ViewModel`1&#39;.
SHFB: Warning BE0066: ResolveReferenceLinksComponent: [T:AA.DatePicker.DayItem.DayItemViewModel] Unknown reference link target &#39;M:AA.TinyMVVM.ViewMode.ViewModel`1.OnBreakUpAllStart&#39;.
SHFB: Warning BE0066: ResolveReferenceLinksComponent: [T:AA.DatePicker.DayItem.DayItemViewModel] Unknown reference link target &#39;T:AA.TinyMVVM.ViewMode.ViewModel`1&#39;.
SHFB: Warning BE0066: ResolveReferenceLinksComponent: [T:AA.DatePicker.DayItem.DayItemViewModel] Unknown reference link target &#39;M:AA.TinyMVVM.ViewMode.ViewModel`1.OnCombineComplete&#39;.
SHFB: Warning BE0066: ResolveReferenceLinksComponent: [T:AA.DatePicker.DayItem.DayItemViewModel] Unknown reference link target &#39;M:AA.TinyMVVM.ViewMode.ViewModel`1.OnNewModelBind(`4)&#39;.
SHFB: Warning BE0066: ResolveReferenceLinksComponent: [T:AA.DatePicker.DayItem.DayItemViewModel] Unknown reference link target &#39;M:AA.TinyMVVM.ViewMode.ViewModel`1.OnOldModelUnbind(`4)&#39;.
SHFB: Warning BE0066: ResolveReferenceLinksComponent: [Methods.T:AA.DatePicker.DayItem.DayItemViewModel] Unknown reference link target &#39;M:AA.TinyMVVM.ViewMode.ViewModel`1.OnBindModelComplete&#39;.
SHFB: Warning BE0066: ResolveReferenceLinksComponent: [Methods.T:AA.DatePicker.DayItem.DayItemViewModel] Unknown reference link target &#39;T:AA.TinyMVVM.ViewMode.ViewModel`1&#39;.
SHFB: Warning BE0066: ResolveReferenceLinksComponent: [Methods.T:AA.DatePicker.DayItem.DayItemViewModel] Unknown reference link target &#39;M:AA.TinyMVVM.ViewMode.ViewModel`1.OnBreakUpAllComplete&#39;.
SHFB: Warning BE0066: ResolveReferenceLinksComponent: [Methods.T:AA.DatePicker.DayItem.DayItemViewModel] Unknown reference link target &#39;T:AA.TinyMVVM.ViewMode.ViewModel`1&#39;.
SHFB: Warning BE0066: ResolveReferenceLinksComponent: [Methods.T:AA.DatePicker.DayItem.DayItemViewModel] Unknown reference link target &#39;M:AA.TinyMVVM.ViewMode.ViewModel`1.OnBreakUpAllStart&#39;.
SHFB: Warning BE0066: ResolveReferenceLinksComponent: [Methods.T:AA.DatePicker.DayItem.DayItemViewModel] Unknown reference link target &#39;T:AA.TinyMVVM.ViewMode.ViewModel`1&#39;.
SHFB: Warning BE0066: ResolveReferenceLinksComponent: [Methods.T:AA.DatePicker.DayItem.DayItemViewModel] Unknown reference link target &#39;M:AA.TinyMVVM.ViewMode.ViewModel`1.OnCombineComplete&#39;.
SHFB: Warning BE0066: ResolveReferenceLinksComponent: [Methods.T:AA.DatePicker.DayItem.DayItemViewModel] Unknown reference link target &#39;M:AA.TinyMVVM.ViewMode.ViewModel`1.OnNewModelBind(`4)&#39;.
SHFB: Warning BE0066: ResolveReferenceLinksComponent: [Methods.T:AA.DatePicker.DayItem.DayItemViewModel] Unknown reference link target &#39;M:AA.TinyMVVM.ViewMode.ViewModel`1.OnOldModelUnbind(`4)&#39;.
SHFB: Warning BE0066: ResolveReferenceLinksComponent: [Properties.T:AA.DatePicker.DayItem.DayItemViewModel] Unknown reference link target &#39;P:AA.TinyMVVM.ViewMode.ViewModel`1.ModelIns&#39;.
SHFB: Warning BE0066: ResolveReferenceLinksComponent: [Properties.T:AA.DatePicker.DayItem.DayItemViewModel] Unknown reference link target &#39;T:AA.TinyMVVM.ViewMode.ViewModel`1&#39;.
SHFB: Warning BE0066: ShowMissingComponent: [M:AA.DatePicker.DayItem.DayItemViewModel.#ctor] Missing &lt;summary&gt; documentation
SHFB: Warning BE0066: ResolveReferenceLinksComponent: [M:AA.DatePicker.DayItem.DayItemViewModel.OnRecycle] Unknown reference link target &#39;M:AA.TinyMVVM.ObjectPool.IPoolObject.OnRecycle&#39;.
SHFB: Warning BE0066: ResolveReferenceLinksComponent: [M:AA.DatePicker.DayItem.DayItemViewModel.OnRelease] Unknown reference link target &#39;M:AA.TinyMVVM.ObjectPool.IPoolObject.OnRelease&#39;.
SHFB: Warning BE0066: ResolveReferenceLinksComponent: [M:AA.DatePicker.DayItem.DayItemViewModel.OnSpawn(System.Object[])] Unknown reference link target &#39;M:AA.TinyMVVM.ObjectPool.IPoolObject.OnSpawn(System.Object[])&#39;.
SHFB: Warning BE0066: ResolveReferenceLinksComponent: [T:AA.DatePicker.Picker.PickerModel] Unknown reference link target &#39;T:UnityEngine.Object&#39;.
SHFB: Warning BE0066: ResolveReferenceLinksComponent: [T:AA.DatePicker.Picker.PickerModel] Unknown reference link target &#39;T:UnityEngine.Component&#39;.
SHFB: Warning BE0066: ResolveReferenceLinksComponent: [T:AA.DatePicker.Picker.PickerModel] Unknown reference link target &#39;T:UnityEngine.Behaviour&#39;.
SHFB: Warning BE0066: ResolveReferenceLinksComponent: [T:AA.DatePicker.Picker.PickerModel] Unknown reference link target &#39;T:UnityEngine.MonoBehaviour&#39;.
SHFB: Warning BE0066: ResolveReferenceLinksComponent: [T:AA.DatePicker.Picker.PickerModel] Unknown reference link target &#39;T:AA.TinyMVVM.Model.MonoModel&#39;.
SHFB: Warning BE0066: ResolveReferenceLinksComponent: [T:AA.DatePicker.Picker.PickerModel] Unknown reference link target &#39;M:AA.TinyMVVM.Model.MonoModel.OnBreakUpAllComplete&#39;.
SHFB: Warning BE0066: ResolveReferenceLinksComponent: [T:AA.DatePicker.Picker.PickerModel] Unknown reference link target &#39;T:AA.TinyMVVM.Model.MonoModel&#39;.
SHFB: Warning BE0066: ResolveReferenceLinksComponent: [T:AA.DatePicker.Picker.PickerModel] Unknown reference link target &#39;M:AA.TinyMVVM.Model.MonoModel.OnBreakUpAllStart&#39;.
SHFB: Warning BE0066: ResolveReferenceLinksComponent: [T:AA.DatePicker.Picker.PickerModel] Unknown reference link target &#39;T:AA.TinyMVVM.Model.MonoModel&#39;.
SHFB: Warning BE0066: ResolveReferenceLinksComponent: [T:AA.DatePicker.Picker.PickerModel] Unknown reference link target &#39;M:AA.TinyMVVM.Model.MonoModel.OnCombineComplete&#39;.
SHFB: Warning BE0066: ResolveReferenceLinksComponent: [T:AA.DatePicker.Picker.PickerModel] Unknown reference link target &#39;T:AA.TinyMVVM.Model.MonoModel&#39;.
SHFB: Warning BE0066: ResolveReferenceLinksComponent: [Methods.T:AA.DatePicker.Picker.PickerModel] Unknown reference link target &#39;M:AA.TinyMVVM.Model.MonoModel.OnBreakUpAllComplete&#39;.
SHFB: Warning BE0066: ResolveReferenceLinksComponent: [Methods.T:AA.DatePicker.Picker.PickerModel] Unknown reference link target &#39;T:AA.TinyMVVM.Model.MonoModel&#39;.
SHFB: Warning BE0066: ResolveReferenceLinksComponent: [Methods.T:AA.DatePicker.Picker.PickerModel] Unknown reference link target &#39;M:AA.TinyMVVM.Model.MonoModel.OnBreakUpAllStart&#39;.
SHFB: Warning BE0066: ResolveReferenceLinksComponent: [Methods.T:AA.DatePicker.Picker.PickerModel] Unknown reference link target &#39;T:AA.TinyMVVM.Model.MonoModel&#39;.
SHFB: Warning BE0066: ResolveReferenceLinksComponent: [Methods.T:AA.DatePicker.Picker.PickerModel] Unknown reference link target &#39;M:AA.TinyMVVM.Model.MonoModel.OnCombineComplete&#39;.
SHFB: Warning BE0066: ResolveReferenceLinksComponent: [Methods.T:AA.DatePicker.Picker.PickerModel] Unknown reference link target &#39;T:AA.TinyMVVM.Model.MonoModel&#39;.
SHFB: Warning BE0066: ShowMissingComponent: [M:AA.DatePicker.Picker.PickerModel.#ctor] Missing &lt;summary&gt; documentation
SHFB: Warning BE0066: ResolveReferenceLinksComponent: [P:AA.DatePicker.Picker.PickerModel.Month] Unknown reference link target &#39;T:AA.TinyMVVM.Base.BindableProperty`1&#39;.
SHFB: Warning BE0066: ResolveReferenceLinksComponent: [P:AA.DatePicker.Picker.PickerModel.Year] Unknown reference link target &#39;T:AA.TinyMVVM.Base.BindableProperty`1&#39;.
SHFB: Warning BE0066: ResolveReferenceLinksComponent: [T:AA.DatePicker.Picker.PickerView`2] Unknown reference link target &#39;T:UnityEngine.Object&#39;.
SHFB: Warning BE0066: ResolveReferenceLinksComponent: [T:AA.DatePicker.Picker.PickerView`2] Unknown reference link target &#39;T:UnityEngine.Component&#39;.
SHFB: Warning BE0066: ResolveReferenceLinksComponent: [T:AA.DatePicker.Picker.PickerView`2] Unknown reference link target &#39;T:UnityEngine.Behaviour&#39;.
SHFB: Warning BE0066: ResolveReferenceLinksComponent: [T:AA.DatePicker.Picker.PickerView`2] Unknown reference link target &#39;T:UnityEngine.MonoBehaviour&#39;.
SHFB: Warning BE0066: ResolveReferenceLinksComponent: [T:AA.DatePicker.Picker.PickerView`2] Unknown reference link target &#39;T:AA.TinyMVVM.View.MonoView`2&#39;.
SHFB: Warning BE0066: ResolveReferenceLinksComponent: [T:AA.DatePicker.Picker.PickerView`2] Unknown reference link target &#39;P:AA.TinyMVVM.View.MonoView`2.BindingData&#39;.
SHFB: Warning BE0066: ResolveReferenceLinksComponent: [T:AA.DatePicker.Picker.PickerView`2] Unknown reference link target &#39;T:AA.TinyMVVM.View.MonoView`2&#39;.
SHFB: Warning BE0066: ResolveReferenceLinksComponent: [T:AA.DatePicker.Picker.PickerView`2] Unknown reference link target &#39;P:AA.TinyMVVM.View.MonoView`2.BindingVM&#39;.
SHFB: Warning BE0066: ResolveReferenceLinksComponent: [T:AA.DatePicker.Picker.PickerView`2] Unknown reference link target &#39;T:AA.TinyMVVM.View.MonoView`2&#39;.
SHFB: Warning BE0066: ResolveReferenceLinksComponent: [T:AA.DatePicker.Picker.PickerView`2] Unknown reference link target &#39;M:AA.TinyMVVM.View.MonoView`2.OnBindModelComplete&#39;.
SHFB: Warning BE0066: ResolveReferenceLinksComponent: [T:AA.DatePicker.Picker.PickerView`2] Unknown reference link target &#39;T:AA.TinyMVVM.View.MonoView`2&#39;.
SHFB: Warning BE0066: ResolveReferenceLinksComponent: [T:AA.DatePicker.Picker.PickerView`2] Unknown reference link target &#39;M:AA.TinyMVVM.View.MonoView`2.OnBindViewModelComplete&#39;.
SHFB: Warning BE0066: ResolveReferenceLinksComponent: [T:AA.DatePicker.Picker.PickerView`2] Unknown reference link target &#39;T:AA.TinyMVVM.View.MonoView`2&#39;.
SHFB: Warning BE0066: ResolveReferenceLinksComponent: [T:AA.DatePicker.Picker.PickerView`2] Unknown reference link target &#39;M:AA.TinyMVVM.View.MonoView`2.OnBreakUpAllComplete&#39;.
SHFB: Warning BE0066: ResolveReferenceLinksComponent: [T:AA.DatePicker.Picker.PickerView`2] Unknown reference link target &#39;T:AA.TinyMVVM.View.MonoView`2&#39;.
SHFB: Warning BE0066: ResolveReferenceLinksComponent: [T:AA.DatePicker.Picker.PickerView`2] Unknown reference link target &#39;M:AA.TinyMVVM.View.MonoView`2.OnBreakUpAllStart&#39;.
SHFB: Warning BE0066: ResolveReferenceLinksComponent: [T:AA.DatePicker.Picker.PickerView`2] Unknown reference link target &#39;T:AA.TinyMVVM.View.MonoView`2&#39;.
SHFB: Warning BE0066: ResolveReferenceLinksComponent: [T:AA.DatePicker.Picker.PickerView`2] Unknown reference link target &#39;M:AA.TinyMVVM.View.MonoView`2.OnCombineComplete&#39;.
SHFB: Warning BE0066: ResolveReferenceLinksComponent: [T:AA.DatePicker.Picker.PickerView`2] Unknown reference link target &#39;T:AA.TinyMVVM.View.MonoView`2&#39;.
SHFB: Warning BE0066: ResolveReferenceLinksComponent: [T:AA.DatePicker.Picker.PickerView`2] Unknown reference link target &#39;M:AA.TinyMVVM.View.MonoView`2.OnNewModelBind(`10)&#39;.
SHFB: Warning BE0066: ResolveReferenceLinksComponent: [T:AA.DatePicker.Picker.PickerView`2] Unknown reference link target &#39;M:AA.TinyMVVM.View.MonoView`2.OnNewViewModelBind(`9)&#39;.
SHFB: Warning BE0066: ResolveReferenceLinksComponent: [T:AA.DatePicker.Picker.PickerView`2] Unknown reference link target &#39;M:AA.TinyMVVM.View.MonoView`2.OnOldModelUnbind(`10)&#39;.
SHFB: Warning BE0066: ResolveReferenceLinksComponent: [T:AA.DatePicker.Picker.PickerView`2] Unknown reference link target &#39;M:AA.TinyMVVM.View.MonoView`2.OnOldViewModelUnbind(`9)&#39;.
SHFB: Warning BE0066: ResolveReferenceLinksComponent: [Methods.T:AA.DatePicker.Picker.PickerView`2] Unknown reference link target &#39;M:AA.TinyMVVM.View.MonoView`2.OnBindModelComplete&#39;.
SHFB: Warning BE0066: ResolveReferenceLinksComponent: [Methods.T:AA.DatePicker.Picker.PickerView`2] Unknown reference link target &#39;T:AA.TinyMVVM.View.MonoView`2&#39;.
SHFB: Warning BE0066: ResolveReferenceLinksComponent: [Methods.T:AA.DatePicker.Picker.PickerView`2] Unknown reference link target &#39;M:AA.TinyMVVM.View.MonoView`2.OnBindViewModelComplete&#39;.
SHFB: Warning BE0066: ResolveReferenceLinksComponent: [Methods.T:AA.DatePicker.Picker.PickerView`2] Unknown reference link target &#39;T:AA.TinyMVVM.View.MonoView`2&#39;.
SHFB: Warning BE0066: ResolveReferenceLinksComponent: [Methods.T:AA.DatePicker.Picker.PickerView`2] Unknown reference link target &#39;M:AA.TinyMVVM.View.MonoView`2.OnBreakUpAllComplete&#39;.
SHFB: Warning BE0066: ResolveReferenceLinksComponent: [Methods.T:AA.DatePicker.Picker.PickerView`2] Unknown reference link target &#39;T:AA.TinyMVVM.View.MonoView`2&#39;.
SHFB: Warning BE0066: ResolveReferenceLinksComponent: [Methods.T:AA.DatePicker.Picker.PickerView`2] Unknown reference link target &#39;M:AA.TinyMVVM.View.MonoView`2.OnBreakUpAllStart&#39;.
SHFB: Warning BE0066: ResolveReferenceLinksComponent: [Methods.T:AA.DatePicker.Picker.PickerView`2] Unknown reference link target &#39;T:AA.TinyMVVM.View.MonoView`2&#39;.
SHFB: Warning BE0066: ResolveReferenceLinksComponent: [Methods.T:AA.DatePicker.Picker.PickerView`2] Unknown reference link target &#39;M:AA.TinyMVVM.View.MonoView`2.OnCombineComplete&#39;.
SHFB: Warning BE0066: ResolveReferenceLinksComponent: [Methods.T:AA.DatePicker.Picker.PickerView`2] Unknown reference link target &#39;T:AA.TinyMVVM.View.MonoView`2&#39;.
SHFB: Warning BE0066: ResolveReferenceLinksComponent: [Methods.T:AA.DatePicker.Picker.PickerView`2] Unknown reference link target &#39;M:AA.TinyMVVM.View.MonoView`2.OnNewModelBind(`10)&#39;.
SHFB: Warning BE0066: ResolveReferenceLinksComponent: [Methods.T:AA.DatePicker.Picker.PickerView`2] Unknown reference link target &#39;M:AA.TinyMVVM.View.MonoView`2.OnNewViewModelBind(`9)&#39;.
SHFB: Warning BE0066: ResolveReferenceLinksComponent: [Methods.T:AA.DatePicker.Picker.PickerView`2] Unknown reference link target &#39;M:AA.TinyMVVM.View.MonoView`2.OnOldModelUnbind(`10)&#39;.
SHFB: Warning BE0066: ResolveReferenceLinksComponent: [Methods.T:AA.DatePicker.Picker.PickerView`2] Unknown reference link target &#39;M:AA.TinyMVVM.View.MonoView`2.OnOldViewModelUnbind(`9)&#39;.
SHFB: Warning BE0066: ResolveReferenceLinksComponent: [Properties.T:AA.DatePicker.Picker.PickerView`2] Unknown reference link target &#39;P:AA.TinyMVVM.View.MonoView`2.BindingData&#39;.
SHFB: Warning BE0066: ResolveReferenceLinksComponent: [Properties.T:AA.DatePicker.Picker.PickerView`2] Unknown reference link target &#39;T:AA.TinyMVVM.View.MonoView`2&#39;.
SHFB: Warning BE0066: ResolveReferenceLinksComponent: [Properties.T:AA.DatePicker.Picker.PickerView`2] Unknown reference link target &#39;P:AA.TinyMVVM.View.MonoView`2.BindingVM&#39;.
SHFB: Warning BE0066: ResolveReferenceLinksComponent: [Properties.T:AA.DatePicker.Picker.PickerView`2] Unknown reference link target &#39;T:AA.TinyMVVM.View.MonoView`2&#39;.
SHFB: Warning BE0066: ShowMissingComponent: [M:AA.DatePicker.Picker.PickerView`2.#ctor] Missing &lt;summary&gt; documentation
SHFB: Warning BE0066: ResolveReferenceLinksComponent: [P:AA.DatePicker.Picker.PickerView`2.Cancel] Unknown reference link target &#39;T:UnityEngine.UI.Button&#39;.
SHFB: Warning BE0066: ResolveReferenceLinksComponent: [P:AA.DatePicker.Picker.PickerView`2.GoToday] Unknown reference link target &#39;T:UnityEngine.UI.Button&#39;.
SHFB: Warning BE0066: ResolveReferenceLinksComponent: [P:AA.DatePicker.Picker.PickerView`2.LastMonth] Unknown reference link target &#39;T:UnityEngine.UI.Button&#39;.
SHFB: Warning BE0066: ResolveReferenceLinksComponent: [P:AA.DatePicker.Picker.PickerView`2.LastYear] Unknown reference link target &#39;T:UnityEngine.UI.Button&#39;.
SHFB: Warning BE0066: ResolveReferenceLinksComponent: [F:AA.DatePicker.Picker.PickerView`2.m_CalendarRoot] Unknown reference link target &#39;T:UnityEngine.RectTransform&#39;.
SHFB: Warning BE0066: ResolveReferenceLinksComponent: [F:AA.DatePicker.Picker.PickerView`2.m_OutsideClickCloser] Unknown reference link target &#39;T:UnityEngine.GameObject&#39;.
SHFB: Warning BE0066: ResolveReferenceLinksComponent: [P:AA.DatePicker.Picker.PickerView`2.MainFunRoot] Unknown reference link target &#39;T:UnityEngine.GameObject&#39;.
SHFB: Warning BE0066: ResolveReferenceLinksComponent: [P:AA.DatePicker.Picker.PickerView`2.MonthShower] Unknown reference link target &#39;T:UnityEngine.UI.Text&#39;.
SHFB: Warning BE0066: ResolveReferenceLinksComponent: [P:AA.DatePicker.Picker.PickerView`2.NextMonth] Unknown reference link target &#39;T:UnityEngine.UI.Button&#39;.
SHFB: Warning BE0066: ResolveReferenceLinksComponent: [P:AA.DatePicker.Picker.PickerView`2.NextYear] Unknown reference link target &#39;T:UnityEngine.UI.Button&#39;.
SHFB: Warning BE0066: ResolveReferenceLinksComponent: [M:AA.DatePicker.Picker.PickerView`2.OnInitMainFunResponse(UnityEngine.Events.UnityAction,UnityEngine.Events.UnityAction,UnityEngine.Events.UnityAction)] Unknown reference link target &#39;T:UnityEngine.Events.UnityAction&#39;.
SHFB: Warning BE0066: ResolveReferenceLinksComponent: [M:AA.DatePicker.Picker.PickerView`2.OnInitMainFunResponse(UnityEngine.Events.UnityAction,UnityEngine.Events.UnityAction,UnityEngine.Events.UnityAction)] Unknown reference link target &#39;T:UnityEngine.Events.UnityAction&#39;.
SHFB: Warning BE0066: ResolveReferenceLinksComponent: [M:AA.DatePicker.Picker.PickerView`2.OnInitMainFunResponse(UnityEngine.Events.UnityAction,UnityEngine.Events.UnityAction,UnityEngine.Events.UnityAction)] Unknown reference link target &#39;T:UnityEngine.Events.UnityAction&#39;.
SHFB: Warning BE0066: ResolveReferenceLinksComponent: [M:AA.DatePicker.Picker.PickerView`2.OnInitMonthOperateFun(UnityEngine.Events.UnityAction,UnityEngine.Events.UnityAction)] Unknown reference link target &#39;T:UnityEngine.Events.UnityAction&#39;.
SHFB: Warning BE0066: ResolveReferenceLinksComponent: [M:AA.DatePicker.Picker.PickerView`2.OnInitMonthOperateFun(UnityEngine.Events.UnityAction,UnityEngine.Events.UnityAction)] Unknown reference link target &#39;T:UnityEngine.Events.UnityAction&#39;.
SHFB: Warning BE0066: ResolveReferenceLinksComponent: [M:AA.DatePicker.Picker.PickerView`2.OnInitOutsideClose(UnityEngine.Events.UnityAction)] Unknown reference link target &#39;T:UnityEngine.Events.UnityAction&#39;.
SHFB: Warning BE0066: ResolveReferenceLinksComponent: [M:AA.DatePicker.Picker.PickerView`2.OnInitRangeSelFunResponse(UnityEngine.Events.UnityAction{System.String})] Unknown reference link target &#39;T:UnityEngine.Events.UnityAction`1&#39;.
SHFB: Warning BE0066: ResolveReferenceLinksComponent: [M:AA.DatePicker.Picker.PickerView`2.OnInitYearOperateFun(UnityEngine.Events.UnityAction,UnityEngine.Events.UnityAction)] Unknown reference link target &#39;T:UnityEngine.Events.UnityAction&#39;.
SHFB: Warning BE0066: ResolveReferenceLinksComponent: [M:AA.DatePicker.Picker.PickerView`2.OnInitYearOperateFun(UnityEngine.Events.UnityAction,UnityEngine.Events.UnityAction)] Unknown reference link target &#39;T:UnityEngine.Events.UnityAction&#39;.
SHFB: Warning BE0066: ResolveReferenceLinksComponent: [P:AA.DatePicker.Picker.PickerView`2.Picked] Unknown reference link target &#39;T:UnityEngine.UI.Button&#39;.
SHFB: Warning BE0066: ResolveReferenceLinksComponent: [P:AA.DatePicker.Picker.PickerView`2.RangeDateEnd] Unknown reference link target &#39;T:UnityEngine.UI.Text&#39;.
SHFB: Warning BE0066: ResolveReferenceLinksComponent: [P:AA.DatePicker.Picker.PickerView`2.RangeDateStart] Unknown reference link target &#39;T:UnityEngine.UI.Text&#39;.
SHFB: Warning BE0066: ResolveReferenceLinksComponent: [P:AA.DatePicker.Picker.PickerView`2.RangeTableEnd] Unknown reference link target &#39;T:UnityEngine.UI.Toggle&#39;.
SHFB: Warning BE0066: ResolveReferenceLinksComponent: [P:AA.DatePicker.Picker.PickerView`2.RangeTableRoot] Unknown reference link target &#39;T:UnityEngine.GameObject&#39;.
SHFB: Warning BE0066: ResolveReferenceLinksComponent: [P:AA.DatePicker.Picker.PickerView`2.RangeTableStart] Unknown reference link target &#39;T:UnityEngine.UI.Toggle&#39;.
SHFB: Warning BE0066: ResolveReferenceLinksComponent: [P:AA.DatePicker.Picker.PickerView`2.YearShower] Unknown reference link target &#39;T:UnityEngine.UI.Text&#39;.
SHFB: Warning BE0066: ResolveReferenceLinksComponent: [T:AA.DatePicker.Picker.PickerViewModel`1] Unknown reference link target &#39;T:UnityEngine.Object&#39;.
SHFB: Warning BE0066: ResolveReferenceLinksComponent: [T:AA.DatePicker.Picker.PickerViewModel`1] Unknown reference link target &#39;T:UnityEngine.Component&#39;.
SHFB: Warning BE0066: ResolveReferenceLinksComponent: [T:AA.DatePicker.Picker.PickerViewModel`1] Unknown reference link target &#39;T:UnityEngine.Behaviour&#39;.
SHFB: Warning BE0066: ResolveReferenceLinksComponent: [T:AA.DatePicker.Picker.PickerViewModel`1] Unknown reference link target &#39;T:UnityEngine.MonoBehaviour&#39;.
SHFB: Warning BE0066: ResolveReferenceLinksComponent: [T:AA.DatePicker.Picker.PickerViewModel`1] Unknown reference link target &#39;T:AA.TinyMVVM.ViewMode.MonoViewModel`1&#39;.
SHFB: Warning BE0066: ResolveReferenceLinksComponent: [T:AA.DatePicker.Picker.PickerViewModel`1] Unknown reference link target &#39;P:AA.TinyMVVM.ViewMode.MonoViewModel`1.ModelIns&#39;.
SHFB: Warning BE0066: ResolveReferenceLinksComponent: [T:AA.DatePicker.Picker.PickerViewModel`1] Unknown reference link target &#39;T:AA.TinyMVVM.ViewMode.MonoViewModel`1&#39;.
SHFB: Warning BE0066: ResolveReferenceLinksComponent: [T:AA.DatePicker.Picker.PickerViewModel`1] Unknown reference link target &#39;M:AA.TinyMVVM.ViewMode.MonoViewModel`1.OnBindModelComplete&#39;.
SHFB: Warning BE0066: ResolveReferenceLinksComponent: [T:AA.DatePicker.Picker.PickerViewModel`1] Unknown reference link target &#39;T:AA.TinyMVVM.ViewMode.MonoViewModel`1&#39;.
SHFB: Warning BE0066: ResolveReferenceLinksComponent: [T:AA.DatePicker.Picker.PickerViewModel`1] Unknown reference link target &#39;M:AA.TinyMVVM.ViewMode.MonoViewModel`1.OnBreakUpAllComplete&#39;.
SHFB: Warning BE0066: ResolveReferenceLinksComponent: [T:AA.DatePicker.Picker.PickerViewModel`1] Unknown reference link target &#39;M:AA.TinyMVVM.ViewMode.MonoViewModel`1.OnBreakUpAllStart&#39;.
SHFB: Warning BE0066: ResolveReferenceLinksComponent: [T:AA.DatePicker.Picker.PickerViewModel`1] Unknown reference link target &#39;M:AA.TinyMVVM.ViewMode.MonoViewModel`1.OnCombineComplete&#39;.
SHFB: Warning BE0066: ResolveReferenceLinksComponent: [T:AA.DatePicker.Picker.PickerViewModel`1] Unknown reference link target &#39;M:AA.TinyMVVM.ViewMode.MonoViewModel`1.OnNewModelBind(`2)&#39;.
SHFB: Warning BE0066: ResolveReferenceLinksComponent: [T:AA.DatePicker.Picker.PickerViewModel`1] Unknown reference link target &#39;T:AA.TinyMVVM.ViewMode.MonoViewModel`1&#39;.
SHFB: Warning BE0066: ResolveReferenceLinksComponent: [T:AA.DatePicker.Picker.PickerViewModel`1] Unknown reference link target &#39;M:AA.TinyMVVM.ViewMode.MonoViewModel`1.OnOldModelUnbind(`2)&#39;.
SHFB: Warning BE0066: ResolveReferenceLinksComponent: [T:AA.DatePicker.Picker.PickerViewModel`1] Unknown reference link target &#39;T:AA.TinyMVVM.ViewMode.MonoViewModel`1&#39;.
SHFB: Warning BE0066: ResolveReferenceLinksComponent: [Methods.T:AA.DatePicker.Picker.PickerViewModel`1] Unknown reference link target &#39;M:AA.TinyMVVM.ViewMode.MonoViewModel`1.OnBindModelComplete&#39;.
SHFB: Warning BE0066: ResolveReferenceLinksComponent: [Methods.T:AA.DatePicker.Picker.PickerViewModel`1] Unknown reference link target &#39;T:AA.TinyMVVM.ViewMode.MonoViewModel`1&#39;.
SHFB: Warning BE0066: ResolveReferenceLinksComponent: [Methods.T:AA.DatePicker.Picker.PickerViewModel`1] Unknown reference link target &#39;M:AA.TinyMVVM.ViewMode.MonoViewModel`1.OnBreakUpAllComplete&#39;.
SHFB: Warning BE0066: ResolveReferenceLinksComponent: [Methods.T:AA.DatePicker.Picker.PickerViewModel`1] Unknown reference link target &#39;M:AA.TinyMVVM.ViewMode.MonoViewModel`1.OnBreakUpAllStart&#39;.
SHFB: Warning BE0066: ResolveReferenceLinksComponent: [Methods.T:AA.DatePicker.Picker.PickerViewModel`1] Unknown reference link target &#39;M:AA.TinyMVVM.ViewMode.MonoViewModel`1.OnCombineComplete&#39;.
SHFB: Warning BE0066: ResolveReferenceLinksComponent: [Methods.T:AA.DatePicker.Picker.PickerViewModel`1] Unknown reference link target &#39;M:AA.TinyMVVM.ViewMode.MonoViewModel`1.OnNewModelBind(`2)&#39;.
SHFB: Warning BE0066: ResolveReferenceLinksComponent: [Methods.T:AA.DatePicker.Picker.PickerViewModel`1] Unknown reference link target &#39;T:AA.TinyMVVM.ViewMode.MonoViewModel`1&#39;.
SHFB: Warning BE0066: ResolveReferenceLinksComponent: [Methods.T:AA.DatePicker.Picker.PickerViewModel`1] Unknown reference link target &#39;M:AA.TinyMVVM.ViewMode.MonoViewModel`1.OnOldModelUnbind(`2)&#39;.
SHFB: Warning BE0066: ResolveReferenceLinksComponent: [Methods.T:AA.DatePicker.Picker.PickerViewModel`1] Unknown reference link target &#39;T:AA.TinyMVVM.ViewMode.MonoViewModel`1&#39;.
SHFB: Warning BE0066: ResolveReferenceLinksComponent: [Properties.T:AA.DatePicker.Picker.PickerViewModel`1] Unknown reference link target &#39;P:AA.TinyMVVM.ViewMode.MonoViewModel`1.ModelIns&#39;.
SHFB: Warning BE0066: ResolveReferenceLinksComponent: [Properties.T:AA.DatePicker.Picker.PickerViewModel`1] Unknown reference link target &#39;T:AA.TinyMVVM.ViewMode.MonoViewModel`1&#39;.
SHFB: Warning BE0066: ShowMissingComponent: [M:AA.DatePicker.Picker.PickerViewModel`1.#ctor] Missing &lt;summary&gt; documentation
SHFB: Warning BE0066: ResolveReferenceLinksComponent: [P:AA.DatePicker.Picker.PickerViewModel`1.PoolManager] Unknown reference link target &#39;T:AA.TinyMVVM.ObjectPool.ObjectPoolManager&#39;.
SHFB: Warning BE0066: ResolveReferenceLinksComponent: [F:AA.DatePicker.Picker.PickerViewModel`1.RangeSelDayData.m_MVVMCore] Unknown reference link target &#39;T:AA.TinyMVVM.Core.MVVMCore&#39;.
Processed 206 topic(s)
233 warning(s)
CopyFromIndexComponent: &quot;reflection&quot; in-memory cache entries used: 3 of 15.
CopyFromIndexComponent: &quot;comments&quot; in-memory cache entries used: 1 of 30.
<plugIn name="Website Table of Contents Generator" behavior="After" priority="1000">
Generating TOC fragment files
</plugIn>    Last step completed in 00:00:05.8398
</buildStep>
<buildStep step="CopyStandardHelpContent">
Copying standard help content...
E:\Program Files (x86)\EWSoftware\Sandcastle Help File Builder\Components\Default2022\css\bulma.css -&gt; E:\MyProjects\GD\DatePicker\trunk\Program\Doc\Help\Working\Output\Website\css\bulma.css
E:\Program Files (x86)\EWSoftware\Sandcastle Help File Builder\Components\Default2022\css\bulma.css.map -&gt; E:\MyProjects\GD\DatePicker\trunk\Program\Doc\Help\Working\Output\Website\css\bulma.css.map
E:\Program Files (x86)\EWSoftware\Sandcastle Help File Builder\Components\Default2022\css\bulma.min.css -&gt; E:\MyProjects\GD\DatePicker\trunk\Program\Doc\Help\Working\Output\Website\css\bulma.min.css
E:\Program Files (x86)\EWSoftware\Sandcastle Help File Builder\Components\Default2022\css\font-awesome.css -&gt; E:\MyProjects\GD\DatePicker\trunk\Program\Doc\Help\Working\Output\Website\css\font-awesome.css
E:\Program Files (x86)\EWSoftware\Sandcastle Help File Builder\Components\Default2022\css\font-awesome.min.css -&gt; E:\MyProjects\GD\DatePicker\trunk\Program\Doc\Help\Working\Output\Website\css\font-awesome.min.css
E:\Program Files (x86)\EWSoftware\Sandcastle Help File Builder\Components\Default2022\css\ja-JP.css -&gt; E:\MyProjects\GD\DatePicker\trunk\Program\Doc\Help\Working\Output\Website\css\ja-JP.css
E:\Program Files (x86)\EWSoftware\Sandcastle Help File Builder\Components\Default2022\css\ko-KR.css -&gt; E:\MyProjects\GD\DatePicker\trunk\Program\Doc\Help\Working\Output\Website\css\ko-KR.css
E:\Program Files (x86)\EWSoftware\Sandcastle Help File Builder\Components\Default2022\css\presentationStyle.css -&gt; E:\MyProjects\GD\DatePicker\trunk\Program\Doc\Help\Working\Output\Website\css\presentationStyle.css
E:\Program Files (x86)\EWSoftware\Sandcastle Help File Builder\Components\Default2022\css\vs.min.css -&gt; E:\MyProjects\GD\DatePicker\trunk\Program\Doc\Help\Working\Output\Website\css\vs.min.css
E:\Program Files (x86)\EWSoftware\Sandcastle Help File Builder\Components\Default2022\css\zh-CN.css -&gt; E:\MyProjects\GD\DatePicker\trunk\Program\Doc\Help\Working\Output\Website\css\zh-CN.css
E:\Program Files (x86)\EWSoftware\Sandcastle Help File Builder\Components\Default2022\css\zh-TW.css -&gt; E:\MyProjects\GD\DatePicker\trunk\Program\Doc\Help\Working\Output\Website\css\zh-TW.css
E:\Program Files (x86)\EWSoftware\Sandcastle Help File Builder\Components\Default2022\icons\favicon.ico -&gt; E:\MyProjects\GD\DatePicker\trunk\Program\Doc\Help\Working\Output\Website\icons\favicon.ico
E:\Program Files (x86)\EWSoftware\Sandcastle Help File Builder\Components\Default2022\scripts\clipboard.min.js -&gt; E:\MyProjects\GD\DatePicker\trunk\Program\Doc\Help\Working\Output\Website\scripts\clipboard.min.js
E:\Program Files (x86)\EWSoftware\Sandcastle Help File Builder\Components\Default2022\scripts\highlight.min.js -&gt; E:\MyProjects\GD\DatePicker\trunk\Program\Doc\Help\Working\Output\Website\scripts\highlight.min.js
E:\Program Files (x86)\EWSoftware\Sandcastle Help File Builder\Components\Default2022\scripts\jquery-3.5.1.min.js -&gt; E:\MyProjects\GD\DatePicker\trunk\Program\Doc\Help\Working\Output\Website\scripts\jquery-3.5.1.min.js
E:\Program Files (x86)\EWSoftware\Sandcastle Help File Builder\Components\Default2022\scripts\presentationStyle.js -&gt; E:\MyProjects\GD\DatePicker\trunk\Program\Doc\Help\Working\Output\Website\scripts\presentationStyle.js
E:\Program Files (x86)\EWSoftware\Sandcastle Help File Builder\Components\Default2022\webfonts\fa-brands-400.ttf -&gt; E:\MyProjects\GD\DatePicker\trunk\Program\Doc\Help\Working\Output\Website\webfonts\fa-brands-400.ttf
E:\Program Files (x86)\EWSoftware\Sandcastle Help File Builder\Components\Default2022\webfonts\fa-brands-400.woff2 -&gt; E:\MyProjects\GD\DatePicker\trunk\Program\Doc\Help\Working\Output\Website\webfonts\fa-brands-400.woff2
E:\Program Files (x86)\EWSoftware\Sandcastle Help File Builder\Components\Default2022\webfonts\fa-regular-400.ttf -&gt; E:\MyProjects\GD\DatePicker\trunk\Program\Doc\Help\Working\Output\Website\webfonts\fa-regular-400.ttf
E:\Program Files (x86)\EWSoftware\Sandcastle Help File Builder\Components\Default2022\webfonts\fa-regular-400.woff2 -&gt; E:\MyProjects\GD\DatePicker\trunk\Program\Doc\Help\Working\Output\Website\webfonts\fa-regular-400.woff2
E:\Program Files (x86)\EWSoftware\Sandcastle Help File Builder\Components\Default2022\webfonts\fa-solid-900.ttf -&gt; E:\MyProjects\GD\DatePicker\trunk\Program\Doc\Help\Working\Output\Website\webfonts\fa-solid-900.ttf
E:\Program Files (x86)\EWSoftware\Sandcastle Help File Builder\Components\Default2022\webfonts\fa-solid-900.woff2 -&gt; E:\MyProjects\GD\DatePicker\trunk\Program\Doc\Help\Working\Output\Website\webfonts\fa-solid-900.woff2
E:\Program Files (x86)\EWSoftware\Sandcastle Help File Builder\Components\Default2022\webfonts\fa-v4compatibility.ttf -&gt; E:\MyProjects\GD\DatePicker\trunk\Program\Doc\Help\Working\Output\Website\webfonts\fa-v4compatibility.ttf
E:\Program Files (x86)\EWSoftware\Sandcastle Help File Builder\Components\Default2022\webfonts\fa-v4compatibility.woff2 -&gt; E:\MyProjects\GD\DatePicker\trunk\Program\Doc\Help\Working\Output\Website\webfonts\fa-v4compatibility.woff2
E:\Program Files (x86)\EWSoftware\Sandcastle Help File Builder\Components\Default2022\RootWebsiteContent\GeneralError.html -&gt; E:\MyProjects\GD\DatePicker\trunk\Program\Doc\Help\Working\Output\Website\GeneralError.html
E:\Program Files (x86)\EWSoftware\Sandcastle Help File Builder\Components\Default2022\RootWebsiteContent\index.html -&gt; E:\MyProjects\GD\DatePicker\trunk\Program\Doc\Help\Working\Output\Website\index.html
E:\Program Files (x86)\EWSoftware\Sandcastle Help File Builder\Components\Default2022\RootWebsiteContent\PageNotFound.html -&gt; E:\MyProjects\GD\DatePicker\trunk\Program\Doc\Help\Working\Output\Website\PageNotFound.html
E:\Program Files (x86)\EWSoftware\Sandcastle Help File Builder\Components\Default2022\RootWebsiteContent\search.html -&gt; E:\MyProjects\GD\DatePicker\trunk\Program\Doc\Help\Working\Output\Website\search.html
E:\Program Files (x86)\EWSoftware\Sandcastle Help File Builder\Components\Default2022\RootWebsiteContent\SearchHelp.aspx -&gt; E:\MyProjects\GD\DatePicker\trunk\Program\Doc\Help\Working\Output\Website\SearchHelp.aspx
E:\Program Files (x86)\EWSoftware\Sandcastle Help File Builder\Components\Default2022\RootWebsiteContent\SearchHelp.inc.php -&gt; E:\MyProjects\GD\DatePicker\trunk\Program\Doc\Help\Working\Output\Website\SearchHelp.inc.php
E:\Program Files (x86)\EWSoftware\Sandcastle Help File Builder\Components\Default2022\RootWebsiteContent\SearchHelp.php -&gt; E:\MyProjects\GD\DatePicker\trunk\Program\Doc\Help\Working\Output\Website\SearchHelp.php
E:\Program Files (x86)\EWSoftware\Sandcastle Help File Builder\Components\Default2022\RootWebsiteContent\Web.Config -&gt; E:\MyProjects\GD\DatePicker\trunk\Program\Doc\Help\Working\Output\Website\Web.Config
    Last step completed in 00:00:00.2577
</buildStep>
<buildStep step="GenerateFullTextIndex">
Generating full-text index for the website...

    Last step completed in 00:00:00.1786
</buildStep>
<buildStep step="CopyingWebsiteFiles">
Copying website files to output folder...

Copied 370 files for the website content
    Last step completed in 00:00:00.2877
</buildStep>
<buildStep step="CleanIntermediates">
Removing intermediate files...
    Last step completed in 00:00:00.1357
</buildStep>
<buildStep step="Completed">

Build completed successfully at 2023/9/20 16:49:04.  Total time: 00:00:09.0397

</buildStep>
</shfbBuild>
